2025-11-01 01:09:28,969 [INFO] ============================================================
2025-11-01 01:09:28,969 [INFO] Training MDAF_MAMBA_TAOBAO
2025-11-01 01:09:28,969 [INFO] ============================================================
2025-11-01 01:09:28,969 [INFO] 
1. Loading Taobao metadata...
2025-11-01 01:09:28,970 [INFO]    Vocabulary sizes:
2025-11-01 01:09:28,970 [INFO]       Items: 335,164
2025-11-01 01:09:28,970 [INFO]       Categories: 5,480
2025-11-01 01:09:28,970 [INFO]       Users: 577,482
2025-11-01 01:09:28,970 [INFO]    Max sequence length: 50
2025-11-01 01:09:28,981 [INFO] 
2. Device: mps
2025-11-01 01:09:28,981 [INFO] 
3. Creating dataloaders...
2025-11-01 01:09:30,075 [INFO]    Train batches: 514
2025-11-01 01:09:30,075 [INFO]    Val batches: 111
2025-11-01 01:09:30,075 [INFO] 
4. Creating MDAF_MAMBA_TAOBAO model...
2025-11-01 01:09:30,737 [INFO]    Model parameters: 45,969,365
2025-11-01 01:09:31,193 [INFO] 
5. Starting training...
2025-11-01 01:09:31,194 [INFO] 
============================================================
2025-11-01 01:09:31,194 [INFO] Epoch 1/15
2025-11-01 01:09:31,194 [INFO] ============================================================
2025-11-01 01:13:22,082 [INFO]    Batch [100/514] Loss: 0.1795
2025-11-01 07:03:39,239 [INFO]    Batch [200/514] Loss: 0.1880
2025-11-01 10:52:10,252 [INFO]    Batch [300/514] Loss: 0.1912
